Start testing: Dec 13 19:02 CST
----------------------------------------------------------
1/11 Testing: util_tests
1/11 Test: util_tests
Command: "/home/jthcode/projects/poker_solver_cfr/build/tests/util_tests"
Directory: /home/jthcode/projects/poker_solver_cfr/build/tests
"util_tests" start time: Dec 13 19:02 CST
Output:
----------------------------------------------------------
<end of output>
Test time =   0.01 sec
----------------------------------------------------------
Test Passed.
"util_tests" end time: Dec 13 19:02 CST
"util_tests" time elapsed: 00:00:00
----------------------------------------------------------

2/11 Testing: board_tests
2/11 Test: board_tests
Command: "/home/jthcode/projects/poker_solver_cfr/build/tests/board_tests"
Directory: /home/jthcode/projects/poker_solver_cfr/build/tests
"board_tests" start time: Dec 13 19:02 CST
Output:
----------------------------------------------------------
<end of output>
Test time =   0.00 sec
----------------------------------------------------------
Test Passed.
"board_tests" end time: Dec 13 19:02 CST
"board_tests" time elapsed: 00:00:00
----------------------------------------------------------

3/11 Testing: ranges_tests
3/11 Test: ranges_tests
Command: "/home/jthcode/projects/poker_solver_cfr/build/tests/ranges_tests"
Directory: /home/jthcode/projects/poker_solver_cfr/build/tests
"ranges_tests" start time: Dec 13 19:02 CST
Output:
----------------------------------------------------------
<end of output>
Test time =   0.04 sec
----------------------------------------------------------
Test Passed.
"ranges_tests" end time: Dec 13 19:02 CST
"ranges_tests" time elapsed: 00:00:00
----------------------------------------------------------

4/11 Testing: actions_tests
4/11 Test: actions_tests
Command: "/home/jthcode/projects/poker_solver_cfr/build/tests/actions_tests"
Directory: /home/jthcode/projects/poker_solver_cfr/build/tests
"actions_tests" start time: Dec 13 19:02 CST
Output:
----------------------------------------------------------
<end of output>
Test time =   0.00 sec
----------------------------------------------------------
Test Passed.
"actions_tests" end time: Dec 13 19:02 CST
"actions_tests" time elapsed: 00:00:00
----------------------------------------------------------

5/11 Testing: tree_tests
5/11 Test: tree_tests
Command: "/home/jthcode/projects/poker_solver_cfr/build/tests/tree_tests"
Directory: /home/jthcode/projects/poker_solver_cfr/build/tests
"tree_tests" start time: Dec 13 19:02 CST
Output:
----------------------------------------------------------
<end of output>
Test time =   0.00 sec
----------------------------------------------------------
Test Passed.
"tree_tests" end time: Dec 13 19:02 CST
"tree_tests" time elapsed: 00:00:00
----------------------------------------------------------

6/11 Testing: cfr_tests
6/11 Test: cfr_tests
Command: "/home/jthcode/projects/poker_solver_cfr/build/tests/cfr_tests"
Directory: /home/jthcode/projects/poker_solver_cfr/build/tests
"cfr_tests" start time: Dec 13 19:02 CST
Output:
----------------------------------------------------------
<end of output>
Test time =   0.72 sec
----------------------------------------------------------
Test Passed.
"cfr_tests" end time: Dec 13 19:02 CST
"cfr_tests" time elapsed: 00:00:00
----------------------------------------------------------

7/11 Testing: nlhe_cfr_tests
7/11 Test: nlhe_cfr_tests
Command: "/home/jthcode/projects/poker_solver_cfr/build/tests/nlhe_cfr_tests"
Directory: /home/jthcode/projects/poker_solver_cfr/build/tests
"nlhe_cfr_tests" start time: Dec 13 19:02 CST
Output:
----------------------------------------------------------
<end of output>
Test time =   0.09 sec
----------------------------------------------------------
Test Passed.
"nlhe_cfr_tests" end time: Dec 13 19:02 CST
"nlhe_cfr_tests" time elapsed: 00:00:00
----------------------------------------------------------

8/11 Testing: scenario_tests
8/11 Test: scenario_tests
Command: "/home/jthcode/projects/poker_solver_cfr/build/tests/scenario_tests"
Directory: /home/jthcode/projects/poker_solver_cfr/build/tests
"scenario_tests" start time: Dec 13 19:02 CST
Output:
----------------------------------------------------------
<end of output>
Test time =   0.09 sec
----------------------------------------------------------
Test Passed.
"scenario_tests" end time: Dec 13 19:02 CST
"scenario_tests" time elapsed: 00:00:00
----------------------------------------------------------

9/11 Testing: jsonl_writer_tests
9/11 Test: jsonl_writer_tests
Command: "/home/jthcode/projects/poker_solver_cfr/build/tests/jsonl_writer_tests"
Directory: /home/jthcode/projects/poker_solver_cfr/build/tests
"jsonl_writer_tests" start time: Dec 13 19:02 CST
Output:
----------------------------------------------------------
<end of output>
Test time =   0.00 sec
----------------------------------------------------------
Test Passed.
"jsonl_writer_tests" end time: Dec 13 19:02 CST
"jsonl_writer_tests" time elapsed: 00:00:00
----------------------------------------------------------

10/11 Testing: subtree_expansion_tests
10/11 Test: subtree_expansion_tests
Command: "/home/jthcode/projects/poker_solver_cfr/build/tests/subtree_expansion_tests"
Directory: /home/jthcode/projects/poker_solver_cfr/build/tests
"subtree_expansion_tests" start time: Dec 13 19:02 CST
Output:
----------------------------------------------------------
<end of output>
Test time =   0.10 sec
----------------------------------------------------------
Test Passed.
"subtree_expansion_tests" end time: Dec 13 19:02 CST
"subtree_expansion_tests" time elapsed: 00:00:00
----------------------------------------------------------

11/11 Testing: dedupe_tests
11/11 Test: dedupe_tests
Command: "/home/jthcode/projects/poker_solver_cfr/build/tests/dedupe_tests"
Directory: /home/jthcode/projects/poker_solver_cfr/build/tests
"dedupe_tests" start time: Dec 13 19:02 CST
Output:
----------------------------------------------------------
<end of output>
Test time =   0.07 sec
----------------------------------------------------------
Test Passed.
"dedupe_tests" end time: Dec 13 19:02 CST
"dedupe_tests" time elapsed: 00:00:00
----------------------------------------------------------

End testing: Dec 13 19:02 CST
